Using pre-set license
Built from '2020.3/staging' branch; Version is '2020.3.32f1 (12f8b0834f07) revision 1243312'; Using compiler version '192528614'; Build Type 'Release'
OS: 'Windows 10  (10.0.19043) 64bit Professional' Language: 'pt' Physical Memory: 16292 MB
BatchMode: 1, IsHumanControllingUs: 0, StartBugReporterOnCrash: 0, Is64bit: 1, IsPro: 0

COMMAND LINE ARGUMENTS:
C:\Program Files\Unity\Hub\Editor\2020.3.32f1\Editor\Unity.exe
-adb2
-batchMode
-noUpm
-name
AssetImportWorker1
-projectPath
C:/Users/305537/Desktop/ttes/LookAway
-logFile
Logs/AssetImportWorker1.log
-srvPort
55026
Successfully changed project path to: C:/Users/305537/Desktop/ttes/LookAway
C:/Users/305537/Desktop/ttes/LookAway
Using Asset Import Pipeline V2.
Refreshing native plugins compatible for Editor in 141.91 ms, found 2 plugins.
Preloading 0 native plugins for Editor in 0.00 ms.
Initialize engine version: 2020.3.32f1 (12f8b0834f07)
[Subsystems] Discovering subsystems at path C:/Program Files/Unity/Hub/Editor/2020.3.32f1/Editor/Data/Resources/UnitySubsystems
[Subsystems] Discovering subsystems at path C:/Users/305537/Desktop/ttes/LookAway/Assets
GfxDevice: creating device client; threaded=0
Direct3D:
    Version:  Direct3D 11.0 [level 11.0]
    Renderer: NVIDIA GeForce GTX 745 (ID=0x1382)
    Vendor:   
    VRAM:     4053 MB
    Driver:   30.0.15.1179
Initialize mono
Mono path[0] = 'C:/Program Files/Unity/Hub/Editor/2020.3.32f1/Editor/Data/Managed'
Mono path[1] = 'C:/Program Files/Unity/Hub/Editor/2020.3.32f1/Editor/Data/MonoBleedingEdge/lib/mono/unityjit'
Mono config path = 'C:/Program Files/Unity/Hub/Editor/2020.3.32f1/Editor/Data/MonoBleedingEdge/etc'
Using monoOptions --debugger-agent=transport=dt_socket,embedding=1,server=y,suspend=n,address=127.0.0.1:56616
Begin MonoManager ReloadAssembly
Registering precompiled unity dll's ...
Register platform support module: C:/Program Files/Unity/Hub/Editor/2020.3.32f1/Editor/Data/PlaybackEngines/WindowsStandaloneSupport/UnityEditor.WindowsStandalone.Extensions.dll
Registered in 0.001489 seconds.
Native extension for WindowsStandalone target not found
Refreshing native plugins compatible for Editor in 102.06 ms, found 2 plugins.
Preloading 0 native plugins for Editor in 0.00 ms.
Mono: successfully reloaded assembly
- Completed reload, in  0.683 seconds
Domain Reload Profiling:
	ReloadAssembly (684ms)
		BeginReloadAssembly (65ms)
			ExecutionOrderSort (0ms)
			DisableScriptedObjects (0ms)
			BackupInstance (0ms)
			ReleaseScriptingObjects (0ms)
			CreateAndSetChildDomain (1ms)
		EndReloadAssembly (531ms)
			LoadAssemblies (64ms)
			RebuildTransferFunctionScriptingTraits (0ms)
			SetupTypeCache (159ms)
			ReleaseScriptCaches (0ms)
			RebuildScriptCaches (30ms)
			SetupLoadedEditorAssemblies (245ms)
				LogAssemblyErrors (0ms)
				InitializePlatformSupportModulesInManaged (4ms)
				SetLoadedEditorAssemblies (0ms)
				RefreshPlugins (102ms)
				BeforeProcessingInitializeOnLoad (15ms)
				ProcessInitializeOnLoadAttributes (89ms)
				ProcessInitializeOnLoadMethodAttributes (34ms)
				AfterProcessingInitializeOnLoad (0ms)
				EditorAssembliesLoaded (0ms)
			ExecutionOrderSort2 (0ms)
			AwakeInstancesAfterBackupRestoration (0ms)
Platform modules already initialized, skipping
Registering precompiled user dll's ...
Registered in 0.006162 seconds.
Begin MonoManager ReloadAssembly
Native extension for WindowsStandalone target not found
Refreshing native plugins compatible for Editor in 145.98 ms, found 2 plugins.
Preloading 0 native plugins for Editor in 0.00 ms.
Mono: successfully reloaded assembly
- Completed reload, in  7.908 seconds
Domain Reload Profiling:
	ReloadAssembly (7913ms)
		BeginReloadAssembly (165ms)
			ExecutionOrderSort (0ms)
			DisableScriptedObjects (5ms)
			BackupInstance (0ms)
			ReleaseScriptingObjects (0ms)
			CreateAndSetChildDomain (24ms)
		EndReloadAssembly (7678ms)
			LoadAssemblies (5391ms)
			RebuildTransferFunctionScriptingTraits (0ms)
			SetupTypeCache (585ms)
			ReleaseScriptCaches (1ms)
			RebuildScriptCaches (69ms)
			SetupLoadedEditorAssemblies (1513ms)
				LogAssemblyErrors (0ms)
				InitializePlatformSupportModulesInManaged (5ms)
				SetLoadedEditorAssemblies (0ms)
				RefreshPlugins (146ms)
				BeforeProcessingInitializeOnLoad (175ms)
				ProcessInitializeOnLoadAttributes (250ms)
				ProcessInitializeOnLoadMethodAttributes (927ms)
				AfterProcessingInitializeOnLoad (8ms)
				EditorAssembliesLoaded (1ms)
			ExecutionOrderSort2 (0ms)
			AwakeInstancesAfterBackupRestoration (8ms)
Platform modules already initialized, skipping
========================================================================
Worker process is ready to serve import requests
Shader 'Lux URP/Particles/Simple Lit': fallback shader 'Lightweight Render Pipeline/Particles/Unlit' not found
Shader 'Lux URP/Particles/Simple Lit': fallback shader 'Lightweight Render Pipeline/Particles/Unlit' not found
Shader 'Lux URP/Particles/Simple Lit': fallback shader 'Lightweight Render Pipeline/Particles/Unlit' not found
Launched and connected shader compiler UnityShaderCompiler.exe after 0.07 seconds
Refreshing native plugins compatible for Editor in 1.42 ms, found 2 plugins.
Preloading 0 native plugins for Editor in 0.00 ms.
Unloading 4423 Unused Serialized files (Serialized files now loaded: 0)
System memory in use before: 238.8 MB.
System memory in use after: 238.8 MB.

Unloading 65 unused Assets to reduce memory usage. Loaded Objects now: 4847.
Total: 7.854800 ms (FindLiveObjects: 0.565500 ms CreateObjectMapping: 0.471400 ms MarkObjects: 6.481800 ms  DeleteObjects: 0.335100 ms)

AssetImportParameters requested are different than current active one (requested -> active):
  custom:framework-win-MediaFoundation: 216162199b28c13a410421893ffa2e32 -> 
  custom:video-decoder-ogg-theora: a1e56fd34408186e4bbccfd4996cb3dc -> 
  custom:container-muxer-webm: aa71ff27fc2769a1b78a27578f13a17b -> 
  custom:container-demuxer-webm: 4f35f7cbe854078d1ac9338744f61a02 -> 
  custom:container-demuxer-ogg: 62fdf1f143b41e24485cea50d1cbac27 -> 
  custom:video-encoder-webm-vp8: eb34c28f22e8b96e1ab97ce403110664 -> 
  custom:video-decoder-webm-vp8: 9c59270c3fd7afecdb556c50c9e8de78 -> 
  custom:audio-decoder-ogg-vorbis: bf7c407c2cedff20999df2af8eb42d56 -> 
  custom:audio-encoder-webm-vorbis: bf7c407c2cedff20999df2af8eb42d56 -> 
========================================================================
Received Import Request.
  path: Assets/UniversalRenderPipelineAsset.asset
  artifactKey: Guid(cc6b21a76a212404e86caf3771c1c178) Importer(815301076,1909f56bfc062723c751e8b465ee728b)
Start importing Assets/UniversalRenderPipelineAsset.asset using Guid(cc6b21a76a212404e86caf3771c1c178) Importer(815301076,1909f56bfc062723c751e8b465ee728b)  -> (artifact id: '4736905d1b83f3f4e73f91570183755e') in 0.065978 seconds 
========================================================================
Received Prepare
Registering precompiled user dll's ...
Registered in 0.006323 seconds.
Begin MonoManager ReloadAssembly
Native extension for WindowsStandalone target not found
Refreshing native plugins compatible for Editor in 2.55 ms, found 2 plugins.
Preloading 0 native plugins for Editor in 0.00 ms.
Mono: successfully reloaded assembly
- Completed reload, in  1.353 seconds
Domain Reload Profiling:
	ReloadAssembly (1354ms)
		BeginReloadAssembly (140ms)
			ExecutionOrderSort (0ms)
			DisableScriptedObjects (7ms)
			BackupInstance (0ms)
			ReleaseScriptingObjects (0ms)
			CreateAndSetChildDomain (45ms)
		EndReloadAssembly (1140ms)
			LoadAssemblies (119ms)
			RebuildTransferFunctionScriptingTraits (0ms)
			SetupTypeCache (378ms)
			ReleaseScriptCaches (2ms)
			RebuildScriptCaches (62ms)
			SetupLoadedEditorAssemblies (442ms)
				LogAssemblyErrors (0ms)
				InitializePlatformSupportModulesInManaged (6ms)
				SetLoadedEditorAssemblies (1ms)
				RefreshPlugins (3ms)
				BeforeProcessingInitializeOnLoad (119ms)
				ProcessInitializeOnLoadAttributes (222ms)
				ProcessInitializeOnLoadMethodAttributes (86ms)
				AfterProcessingInitializeOnLoad (5ms)
				EditorAssembliesLoaded (0ms)
			ExecutionOrderSort2 (0ms)
			AwakeInstancesAfterBackupRestoration (10ms)
Platform modules already initialized, skipping
Shader 'Lux URP/Particles/Simple Lit': fallback shader 'Lightweight Render Pipeline/Particles/Unlit' not found
Shader 'Lux URP/Particles/Simple Lit': fallback shader 'Lightweight Render Pipeline/Particles/Unlit' not found
Refreshing native plugins compatible for Editor in 1.44 ms, found 2 plugins.
Preloading 0 native plugins for Editor in 0.00 ms.
Unloading 4133 Unused Serialized files (Serialized files now loaded: 0)
System memory in use before: 213.3 MB.
System memory in use after: 213.3 MB.

Unloading 56 unused Assets to reduce memory usage. Loaded Objects now: 4851.
Total: 7.992400 ms (FindLiveObjects: 0.528700 ms CreateObjectMapping: 0.246200 ms MarkObjects: 6.905200 ms  DeleteObjects: 0.310400 ms)

AssetImportParameters requested are different than current active one (requested -> active):
  custom:framework-win-MediaFoundation: 216162199b28c13a410421893ffa2e32 -> 
  custom:video-decoder-ogg-theora: a1e56fd34408186e4bbccfd4996cb3dc -> 
  custom:container-muxer-webm: aa71ff27fc2769a1b78a27578f13a17b -> 
  custom:container-demuxer-webm: 4f35f7cbe854078d1ac9338744f61a02 -> 
  custom:container-demuxer-ogg: 62fdf1f143b41e24485cea50d1cbac27 -> 
  custom:video-encoder-webm-vp8: eb34c28f22e8b96e1ab97ce403110664 -> 
  custom:video-decoder-webm-vp8: 9c59270c3fd7afecdb556c50c9e8de78 -> 
  custom:audio-decoder-ogg-vorbis: bf7c407c2cedff20999df2af8eb42d56 -> 
  custom:audio-encoder-webm-vorbis: bf7c407c2cedff20999df2af8eb42d56 -> 
========================================================================
Received Import Request.
  Time since last request: 225.584774 seconds.
  path: Packages/com.unity.render-pipelines.universal/package.json
  artifactKey: Guid(30648b8d550465f4bb77f1e1afd0b37d) Importer(815301076,1909f56bfc062723c751e8b465ee728b)
Start importing Packages/com.unity.render-pipelines.universal/package.json using Guid(30648b8d550465f4bb77f1e1afd0b37d) Importer(815301076,1909f56bfc062723c751e8b465ee728b)  -> (artifact id: '0164408528770ba672bc6878d29b8fca') in 0.151208 seconds 
========================================================================
Received Import Request.
  Time since last request: 78.232651 seconds.
  path: Assets/CustomPostProcessData.asset
  artifactKey: Guid(bdb3589642b96bd41ba049760a037267) Importer(815301076,1909f56bfc062723c751e8b465ee728b)
Start importing Assets/CustomPostProcessData.asset using Guid(bdb3589642b96bd41ba049760a037267) Importer(815301076,1909f56bfc062723c751e8b465ee728b)  -> (artifact id: 'b36c27eed63227d8a993b729f0b2feea') in 0.007515 seconds 
========================================================================
Received Import Request.
  Time since last request: 155.459489 seconds.
  path: Assets/UniversalRenderPipelineAsset 1.asset
  artifactKey: Guid(2710e8b15c2b2d3459c859eb4d56bf2f) Importer(815301076,1909f56bfc062723c751e8b465ee728b)
Start importing Assets/UniversalRenderPipelineAsset 1.asset using Guid(2710e8b15c2b2d3459c859eb4d56bf2f) Importer(815301076,1909f56bfc062723c751e8b465ee728b)  -> (artifact id: '60948552cca6d8ca44831fc06ba7103e') in 0.010792 seconds 
========================================================================
Received Import Request.
  Time since last request: 0.000251 seconds.
  path: Assets/UniversalRenderPipelineAsset 1_Renderer.asset
  artifactKey: Guid(b55a2bb7674d4ea44b10c6d29b7fdba6) Importer(815301076,1909f56bfc062723c751e8b465ee728b)
Start importing Assets/UniversalRenderPipelineAsset 1_Renderer.asset using Guid(b55a2bb7674d4ea44b10c6d29b7fdba6) Importer(815301076,1909f56bfc062723c751e8b465ee728b)  -> (artifact id: '7bae216c12310f932a69a2ebaaffa76e') in 0.008143 seconds 
========================================================================
Received Import Request.
  Time since last request: 50.270341 seconds.
  path: Assets/Pipelines
  artifactKey: Guid(132b205e6ed30b24d8eb9ab55f864971) Importer(815301076,1909f56bfc062723c751e8b465ee728b)
Start importing Assets/Pipelines using Guid(132b205e6ed30b24d8eb9ab55f864971) Importer(815301076,1909f56bfc062723c751e8b465ee728b)  -> (artifact id: '4c6456929b499cb9caea8aaf5e091e8a') in 0.007158 seconds 
========================================================================
Received Import Request.
  Time since last request: 100.246507 seconds.
  path: Assets/Pipelines/CustomPostProcessData.asset
  artifactKey: Guid(bdb3589642b96bd41ba049760a037267) Importer(815301076,1909f56bfc062723c751e8b465ee728b)
Start importing Assets/Pipelines/CustomPostProcessData.asset using Guid(bdb3589642b96bd41ba049760a037267) Importer(815301076,1909f56bfc062723c751e8b465ee728b)  -> (artifact id: '591d4e411ec66218d467c27f710f7c7a') in 0.004221 seconds 
========================================================================
Received Import Request.
  Time since last request: 0.000353 seconds.
  path: Assets/Pipelines/UniversalRenderPipelineAsset.asset
  artifactKey: Guid(cc6b21a76a212404e86caf3771c1c178) Importer(815301076,1909f56bfc062723c751e8b465ee728b)
Start importing Assets/Pipelines/UniversalRenderPipelineAsset.asset using Guid(cc6b21a76a212404e86caf3771c1c178) Importer(815301076,1909f56bfc062723c751e8b465ee728b)  -> (artifact id: '22bcda3bf048140aef00fe6fa0b076e8') in 0.002936 seconds 
========================================================================
Received Import Request.
  Time since last request: 0.000316 seconds.
  path: Assets/Pipelines/UniversalRenderPipelineAsset 1_Renderer.asset
  artifactKey: Guid(b55a2bb7674d4ea44b10c6d29b7fdba6) Importer(815301076,1909f56bfc062723c751e8b465ee728b)
Start importing Assets/Pipelines/UniversalRenderPipelineAsset 1_Renderer.asset using Guid(b55a2bb7674d4ea44b10c6d29b7fdba6) Importer(815301076,1909f56bfc062723c751e8b465ee728b)  -> (artifact id: 'd29a8c8cf40da0caaf83ad801b59f57f') in 0.003641 seconds 
========================================================================
Received Import Request.
  Time since last request: 0.000289 seconds.
  path: Assets/Pipelines/UniversalRenderPipelineAsset_Renderer.asset
  artifactKey: Guid(85b8285d65b89ee4cbcdcac5b8c38d4c) Importer(815301076,1909f56bfc062723c751e8b465ee728b)
Start importing Assets/Pipelines/UniversalRenderPipelineAsset_Renderer.asset using Guid(85b8285d65b89ee4cbcdcac5b8c38d4c) Importer(815301076,1909f56bfc062723c751e8b465ee728b)  -> (artifact id: 'ac2e0a5a0a38ede3c3985e94f67d07c1') in 0.139718 seconds 
