Using pre-set license
Built from '2020.3/staging' branch; Version is '2020.3.32f1 (12f8b0834f07) revision 1243312'; Using compiler version '192528614'; Build Type 'Release'
OS: 'Windows 10  (10.0.19043) 64bit Professional' Language: 'pt' Physical Memory: 16292 MB
BatchMode: 1, IsHumanControllingUs: 0, StartBugReporterOnCrash: 0, Is64bit: 1, IsPro: 0

COMMAND LINE ARGUMENTS:
C:\Program Files\Unity\Hub\Editor\2020.3.32f1\Editor\Unity.exe
-adb2
-batchMode
-noUpm
-name
AssetImportWorker1
-projectPath
C:/Users/305537/LookAwayN
-logFile
Logs/AssetImportWorker1.log
-srvPort
60940
Successfully changed project path to: C:/Users/305537/LookAwayN
C:/Users/305537/LookAwayN
Using Asset Import Pipeline V2.
Refreshing native plugins compatible for Editor in 84.73 ms, found 2 plugins.
Preloading 0 native plugins for Editor in 0.00 ms.
Initialize engine version: 2020.3.32f1 (12f8b0834f07)
[Subsystems] Discovering subsystems at path C:/Program Files/Unity/Hub/Editor/2020.3.32f1/Editor/Data/Resources/UnitySubsystems
[Subsystems] Discovering subsystems at path C:/Users/305537/LookAwayN/Assets
GfxDevice: creating device client; threaded=0
Direct3D:
    Version:  Direct3D 11.0 [level 11.0]
    Renderer: NVIDIA GeForce GTX 745 (ID=0x1382)
    Vendor:   
    VRAM:     4053 MB
    Driver:   30.0.15.1179
Initialize mono
Mono path[0] = 'C:/Program Files/Unity/Hub/Editor/2020.3.32f1/Editor/Data/Managed'
Mono path[1] = 'C:/Program Files/Unity/Hub/Editor/2020.3.32f1/Editor/Data/MonoBleedingEdge/lib/mono/unityjit'
Mono config path = 'C:/Program Files/Unity/Hub/Editor/2020.3.32f1/Editor/Data/MonoBleedingEdge/etc'
Using monoOptions --debugger-agent=transport=dt_socket,embedding=1,server=y,suspend=n,address=127.0.0.1:56652
Begin MonoManager ReloadAssembly
Registering precompiled unity dll's ...
Register platform support module: C:/Program Files/Unity/Hub/Editor/2020.3.32f1/Editor/Data/PlaybackEngines/WindowsStandaloneSupport/UnityEditor.WindowsStandalone.Extensions.dll
Registered in 0.001716 seconds.
Native extension for WindowsStandalone target not found
Refreshing native plugins compatible for Editor in 84.46 ms, found 2 plugins.
Preloading 0 native plugins for Editor in 0.00 ms.
Mono: successfully reloaded assembly
- Completed reload, in  0.650 seconds
Domain Reload Profiling:
	ReloadAssembly (650ms)
		BeginReloadAssembly (68ms)
			ExecutionOrderSort (0ms)
			DisableScriptedObjects (0ms)
			BackupInstance (0ms)
			ReleaseScriptingObjects (0ms)
			CreateAndSetChildDomain (1ms)
		EndReloadAssembly (509ms)
			LoadAssemblies (66ms)
			RebuildTransferFunctionScriptingTraits (0ms)
			SetupTypeCache (150ms)
			ReleaseScriptCaches (0ms)
			RebuildScriptCaches (30ms)
			SetupLoadedEditorAssemblies (231ms)
				LogAssemblyErrors (0ms)
				InitializePlatformSupportModulesInManaged (5ms)
				SetLoadedEditorAssemblies (0ms)
				RefreshPlugins (85ms)
				BeforeProcessingInitializeOnLoad (18ms)
				ProcessInitializeOnLoadAttributes (92ms)
				ProcessInitializeOnLoadMethodAttributes (32ms)
				AfterProcessingInitializeOnLoad (0ms)
				EditorAssembliesLoaded (0ms)
			ExecutionOrderSort2 (0ms)
			AwakeInstancesAfterBackupRestoration (0ms)
Platform modules already initialized, skipping
Registering precompiled user dll's ...
Registered in 0.003046 seconds.
Begin MonoManager ReloadAssembly
Native extension for WindowsStandalone target not found
Refreshing native plugins compatible for Editor in 85.73 ms, found 2 plugins.
Preloading 0 native plugins for Editor in 0.00 ms.
Mono: successfully reloaded assembly
- Completed reload, in  4.753 seconds
Domain Reload Profiling:
	ReloadAssembly (4757ms)
		BeginReloadAssembly (153ms)
			ExecutionOrderSort (0ms)
			DisableScriptedObjects (5ms)
			BackupInstance (0ms)
			ReleaseScriptingObjects (0ms)
			CreateAndSetChildDomain (21ms)
		EndReloadAssembly (4546ms)
			LoadAssemblies (2630ms)
			RebuildTransferFunctionScriptingTraits (0ms)
			SetupTypeCache (449ms)
			ReleaseScriptCaches (1ms)
			RebuildScriptCaches (54ms)
			SetupLoadedEditorAssemblies (1296ms)
				LogAssemblyErrors (0ms)
				InitializePlatformSupportModulesInManaged (3ms)
				SetLoadedEditorAssemblies (0ms)
				RefreshPlugins (86ms)
				BeforeProcessingInitializeOnLoad (86ms)
				ProcessInitializeOnLoadAttributes (201ms)
				ProcessInitializeOnLoadMethodAttributes (913ms)
				AfterProcessingInitializeOnLoad (7ms)
				EditorAssembliesLoaded (0ms)
			ExecutionOrderSort2 (0ms)
			AwakeInstancesAfterBackupRestoration (7ms)
Platform modules already initialized, skipping
========================================================================
Worker process is ready to serve import requests
Shader 'Lux URP/Particles/Simple Lit': fallback shader 'Lightweight Render Pipeline/Particles/Unlit' not found
Shader 'Lux URP/Particles/Simple Lit': fallback shader 'Lightweight Render Pipeline/Particles/Unlit' not found
Shader 'Lux URP/Particles/Simple Lit': fallback shader 'Lightweight Render Pipeline/Particles/Unlit' not found
Launched and connected shader compiler UnityShaderCompiler.exe after 0.35 seconds
Refreshing native plugins compatible for Editor in 0.96 ms, found 2 plugins.
Preloading 0 native plugins for Editor in 0.00 ms.
Unloading 3049 Unused Serialized files (Serialized files now loaded: 0)
System memory in use before: 174.7 MB.
System memory in use after: 174.7 MB.

Unloading 20 unused Assets to reduce memory usage. Loaded Objects now: 3491.
Total: 3.611600 ms (FindLiveObjects: 0.267100 ms CreateObjectMapping: 0.144200 ms MarkObjects: 2.933600 ms  DeleteObjects: 0.265800 ms)

AssetImportParameters requested are different than current active one (requested -> active):
  custom:framework-win-MediaFoundation: 216162199b28c13a410421893ffa2e32 -> 
  custom:video-decoder-ogg-theora: a1e56fd34408186e4bbccfd4996cb3dc -> 
  custom:container-muxer-webm: aa71ff27fc2769a1b78a27578f13a17b -> 
  custom:container-demuxer-webm: 4f35f7cbe854078d1ac9338744f61a02 -> 
  custom:container-demuxer-ogg: 62fdf1f143b41e24485cea50d1cbac27 -> 
  custom:video-encoder-webm-vp8: eb34c28f22e8b96e1ab97ce403110664 -> 
  custom:video-decoder-webm-vp8: 9c59270c3fd7afecdb556c50c9e8de78 -> 
  custom:audio-decoder-ogg-vorbis: bf7c407c2cedff20999df2af8eb42d56 -> 
  custom:audio-encoder-webm-vorbis: bf7c407c2cedff20999df2af8eb42d56 -> 
========================================================================
Received Import Request.
  path: Assets/Prefabs/carrinho.prefab
  artifactKey: Guid(99d887aea4736dc49beed7e20eadbc60) Importer(815301076,1909f56bfc062723c751e8b465ee728b)
Start importing Assets/Prefabs/carrinho.prefab using Guid(99d887aea4736dc49beed7e20eadbc60) Importer(815301076,1909f56bfc062723c751e8b465ee728b)  -> (artifact id: 'c53b2c6a054bdcf16f34b0afb7ef11c5') in 0.047498 seconds 
========================================================================
Received Import Request.
  Time since last request: 0.000212 seconds.
  path: Assets/Scenes/Land.unity
  artifactKey: Guid(b3d4126d058fc1a47a4df48502a6a692) Importer(815301076,1909f56bfc062723c751e8b465ee728b)
Start importing Assets/Scenes/Land.unity using Guid(b3d4126d058fc1a47a4df48502a6a692) Importer(815301076,1909f56bfc062723c751e8b465ee728b)  -> (artifact id: '514e2846e5ead9f2154b6ea059e79392') in 0.007638 seconds 
========================================================================
Received Import Request.
  Time since last request: 0.000258 seconds.
  path: Assets/Prefabs/unitychan Phisical.prefab
  artifactKey: Guid(40daa8e1b273a644f81288fa519caf50) Importer(815301076,1909f56bfc062723c751e8b465ee728b)
Start importing Assets/Prefabs/unitychan Phisical.prefab using Guid(40daa8e1b273a644f81288fa519caf50) Importer(815301076,1909f56bfc062723c751e8b465ee728b)  -> (artifact id: 'b8b81599aa3bfd55755e7913f2e1813e') in 2.240411 seconds 
========================================================================
Received Import Request.
  Time since last request: 0.000275 seconds.
  path: Assets/Plataform.physicMaterial
  artifactKey: Guid(2fd4ccfb0a5876d45b8d69fdf2c75b0b) Importer(815301076,1909f56bfc062723c751e8b465ee728b)
Start importing Assets/Plataform.physicMaterial using Guid(2fd4ccfb0a5876d45b8d69fdf2c75b0b) Importer(815301076,1909f56bfc062723c751e8b465ee728b)  -> (artifact id: 'afe2e7b61938a3643d1c8fc49c217b3b') in 0.014209 seconds 
========================================================================
Received Import Request.
  Time since last request: 0.000276 seconds.
  path: Assets/Prefabs/CM FreeLook1.prefab
  artifactKey: Guid(37c7f6bd2e81b4549af3b1546e9acabd) Importer(815301076,1909f56bfc062723c751e8b465ee728b)
Start importing Assets/Prefabs/CM FreeLook1.prefab using Guid(37c7f6bd2e81b4549af3b1546e9acabd) Importer(815301076,1909f56bfc062723c751e8b465ee728b)  -> (artifact id: '49d03b3bdb9799e3a6bbf9b18ee4648c') in 0.010461 seconds 
========================================================================
Received Import Request.
  Time since last request: 0.000292 seconds.
  path: Assets/Prefabs/unitychan Variant.prefab
  artifactKey: Guid(e4b1b35131ef912448de458a009cf7a4) Importer(815301076,1909f56bfc062723c751e8b465ee728b)
Start importing Assets/Prefabs/unitychan Variant.prefab using Guid(e4b1b35131ef912448de458a009cf7a4) Importer(815301076,1909f56bfc062723c751e8b465ee728b)  -> (artifact id: '24296646a11c5abcf57c4562a67f8c4e') in 0.056169 seconds 
========================================================================
Received Import Request.
  Time since last request: 0.000256 seconds.
  path: Assets/Prefabs/Shrine.prefab
  artifactKey: Guid(7e582c029b03d99418b5513d146f2df1) Importer(815301076,1909f56bfc062723c751e8b465ee728b)
Start importing Assets/Prefabs/Shrine.prefab using Guid(7e582c029b03d99418b5513d146f2df1) Importer(815301076,1909f56bfc062723c751e8b465ee728b)  -> (artifact id: '442a7785f2f286a3eb0c976edcb413e4') in 0.387896 seconds 
========================================================================
Received Import Request.
  Time since last request: 0.000232 seconds.
  path: Assets/New Terrain.asset
  artifactKey: Guid(c641a123e23f40e48825b4291e493771) Importer(815301076,1909f56bfc062723c751e8b465ee728b)
Start importing Assets/New Terrain.asset using Guid(c641a123e23f40e48825b4291e493771) Importer(815301076,1909f56bfc062723c751e8b465ee728b) The tree single must use the Nature/Soft Occlusion shader. Otherwise billboarding/lighting will not work correctly.
The tree Plant_5 must use the Nature/Soft Occlusion shader. Otherwise billboarding/lighting will not work correctly.
The tree Plant_5 must use the Nature/Soft Occlusion shader. Otherwise billboarding/lighting will not work correctly.
 -> (artifact id: '58fed96c247218f112cd9094b524a90d') in 0.212854 seconds 
========================================================================
Received Import Request.
  Time since last request: 0.000258 seconds.
  path: Assets/Prefabs/unitychan Phisical Variant.prefab
  artifactKey: Guid(4ccb3266c6a8f734588dc5d920baef9d) Importer(815301076,1909f56bfc062723c751e8b465ee728b)
Start importing Assets/Prefabs/unitychan Phisical Variant.prefab using Guid(4ccb3266c6a8f734588dc5d920baef9d) Importer(815301076,1909f56bfc062723c751e8b465ee728b)  -> (artifact id: 'c4e2c3e10634c0ed2146d1be2cb01d3e') in 0.053632 seconds 
========================================================================
Received Import Request.
  Time since last request: 0.000231 seconds.
  path: Assets/Prefabs/NewLayer.terrainlayer
  artifactKey: Guid(0b1afeccb5dea504c878e84925e5ebd7) Importer(815301076,1909f56bfc062723c751e8b465ee728b)
Start importing Assets/Prefabs/NewLayer.terrainlayer using Guid(0b1afeccb5dea504c878e84925e5ebd7) Importer(815301076,1909f56bfc062723c751e8b465ee728b)  -> (artifact id: 'f983323934ee7cf327a3a741ea994f01') in 0.026351 seconds 
========================================================================
Received Import Request.
  Time since last request: 0.000254 seconds.
  path: Assets/Prefabs/single.fbx
  artifactKey: Guid(4a110c1faacbaff4692622e9ef94568f) Importer(815301076,1909f56bfc062723c751e8b465ee728b)
Start importing Assets/Prefabs/single.fbx using Guid(4a110c1faacbaff4692622e9ef94568f) Importer(815301076,1909f56bfc062723c751e8b465ee728b)  -> (artifact id: 'c801aa17db1579275f53037c68f9201c') in 0.672522 seconds 
========================================================================
Received Import Request.
  Time since last request: 0.000198 seconds.
  path: Assets/Prefabs/Cylinder.prefab
  artifactKey: Guid(0cbaac1bd6ea7144b88d845564c0fd2f) Importer(815301076,1909f56bfc062723c751e8b465ee728b)
Start importing Assets/Prefabs/Cylinder.prefab using Guid(0cbaac1bd6ea7144b88d845564c0fd2f) Importer(815301076,1909f56bfc062723c751e8b465ee728b)  -> (artifact id: '1ab7a3e7d390fca4415d2ad8c05bf51e') in 0.011362 seconds 
========================================================================
Received Import Request.
  Time since last request: 0.000291 seconds.
  path: Assets/HangGliderRed.fbx
  artifactKey: Guid(d0facc88550f1b540a4183d1d8cff8a3) Importer(815301076,1909f56bfc062723c751e8b465ee728b)
Start importing Assets/HangGliderRed.fbx using Guid(d0facc88550f1b540a4183d1d8cff8a3) Importer(815301076,1909f56bfc062723c751e8b465ee728b)  -> (artifact id: 'e0dd1578ae9f4ac1e4b9c3bc8c3413e3') in 0.175892 seconds 
========================================================================
Received Import Request.
  Time since last request: 0.000308 seconds.
  path: Assets/New Terrain Material.mat
  artifactKey: Guid(8a17e173b5adacf41902a83df20b718b) Importer(815301076,1909f56bfc062723c751e8b465ee728b)
Start importing Assets/New Terrain Material.mat using Guid(8a17e173b5adacf41902a83df20b718b) Importer(815301076,1909f56bfc062723c751e8b465ee728b)  -> (artifact id: '32c50f3c130b17da0f2a64c2e0923d83') in 0.488612 seconds 
========================================================================
Received Import Request.
  Time since last request: 0.000282 seconds.
  path: Assets/Prefabs/Sphere.prefab
  artifactKey: Guid(bb011c62c6cfd6f4da6e9fddfd1baa2f) Importer(815301076,1909f56bfc062723c751e8b465ee728b)
Start importing Assets/Prefabs/Sphere.prefab using Guid(bb011c62c6cfd6f4da6e9fddfd1baa2f) Importer(815301076,1909f56bfc062723c751e8b465ee728b)  -> (artifact id: '6940b0e62cf02a2f6b92cd03d9e2201b') in 0.036079 seconds 
========================================================================
Received Import Request.
  Time since last request: 0.000290 seconds.
  path: Assets/Prefabs/Main Camera.prefab
  artifactKey: Guid(356be919a08cef24ca1fd3ead6fa3964) Importer(815301076,1909f56bfc062723c751e8b465ee728b)
Start importing Assets/Prefabs/Main Camera.prefab using Guid(356be919a08cef24ca1fd3ead6fa3964) Importer(815301076,1909f56bfc062723c751e8b465ee728b)  -> (artifact id: '796ab3d1d896c6c4b3e7a7e11bff0759') in 0.011409 seconds 
========================================================================
Received Import Request.
  Time since last request: 0.000311 seconds.
  path: Assets/Torch.prefab
  artifactKey: Guid(07f8f0ed4cf5bc641828162d4a47c4f9) Importer(815301076,1909f56bfc062723c751e8b465ee728b)
Start importing Assets/Torch.prefab using Guid(07f8f0ed4cf5bc641828162d4a47c4f9) Importer(815301076,1909f56bfc062723c751e8b465ee728b)  -> (artifact id: '8b26e89ce2125c190c92b4d1b5406a83') in 0.025761 seconds 
========================================================================
Received Import Request.
  Time since last request: 0.000251 seconds.
  path: Assets/Prefabs/Vagoneta.prefab
  artifactKey: Guid(859c29972ad4e894c813e776adf8fa15) Importer(815301076,1909f56bfc062723c751e8b465ee728b)
Start importing Assets/Prefabs/Vagoneta.prefab using Guid(859c29972ad4e894c813e776adf8fa15) Importer(815301076,1909f56bfc062723c751e8b465ee728b)  -> (artifact id: '391d462b220c0174aa178d703686dc00') in 0.011011 seconds 
========================================================================
Received Prepare
Registering precompiled user dll's ...
Registered in 0.003311 seconds.
Begin MonoManager ReloadAssembly
Native extension for WindowsStandalone target not found
Refreshing native plugins compatible for Editor in 0.93 ms, found 2 plugins.
Preloading 0 native plugins for Editor in 0.00 ms.
Mono: successfully reloaded assembly
- Completed reload, in  1.134 seconds
Domain Reload Profiling:
	ReloadAssembly (1134ms)
		BeginReloadAssembly (131ms)
			ExecutionOrderSort (0ms)
			DisableScriptedObjects (7ms)
			BackupInstance (0ms)
			ReleaseScriptingObjects (0ms)
			CreateAndSetChildDomain (38ms)
		EndReloadAssembly (939ms)
			LoadAssemblies (105ms)
			RebuildTransferFunctionScriptingTraits (0ms)
			SetupTypeCache (351ms)
			ReleaseScriptCaches (1ms)
			RebuildScriptCaches (43ms)
			SetupLoadedEditorAssemblies (297ms)
				LogAssemblyErrors (0ms)
				InitializePlatformSupportModulesInManaged (4ms)
				SetLoadedEditorAssemblies (1ms)
				RefreshPlugins (1ms)
				BeforeProcessingInitializeOnLoad (81ms)
				ProcessInitializeOnLoadAttributes (195ms)
				ProcessInitializeOnLoadMethodAttributes (10ms)
				AfterProcessingInitializeOnLoad (5ms)
				EditorAssembliesLoaded (0ms)
			ExecutionOrderSort2 (0ms)
			AwakeInstancesAfterBackupRestoration (16ms)
Platform modules already initialized, skipping
Shader 'Lux URP/Particles/Simple Lit': fallback shader 'Lightweight Render Pipeline/Particles/Unlit' not found
Shader 'Lux URP/Particles/Simple Lit': fallback shader 'Lightweight Render Pipeline/Particles/Unlit' not found
Shader 'Lux URP/Particles/Simple Lit': fallback shader 'Lightweight Render Pipeline/Particles/Unlit' not found
Refreshing native plugins compatible for Editor in 0.85 ms, found 2 plugins.
Preloading 0 native plugins for Editor in 0.00 ms.
Unloading 2813 Unused Serialized files (Serialized files now loaded: 0)
System memory in use before: 175.6 MB.
System memory in use after: 175.6 MB.

Unloading 15 unused Assets to reduce memory usage. Loaded Objects now: 3588.
Total: 5.363900 ms (FindLiveObjects: 0.354300 ms CreateObjectMapping: 0.289600 ms MarkObjects: 4.451500 ms  DeleteObjects: 0.267000 ms)

AssetImportParameters requested are different than current active one (requested -> active):
  custom:framework-win-MediaFoundation: 216162199b28c13a410421893ffa2e32 -> 
  custom:video-decoder-ogg-theora: a1e56fd34408186e4bbccfd4996cb3dc -> 
  custom:container-muxer-webm: aa71ff27fc2769a1b78a27578f13a17b -> 
  custom:container-demuxer-webm: 4f35f7cbe854078d1ac9338744f61a02 -> 
  custom:container-demuxer-ogg: 62fdf1f143b41e24485cea50d1cbac27 -> 
  custom:video-encoder-webm-vp8: eb34c28f22e8b96e1ab97ce403110664 -> 
  custom:video-decoder-webm-vp8: 9c59270c3fd7afecdb556c50c9e8de78 -> 
  custom:audio-decoder-ogg-vorbis: bf7c407c2cedff20999df2af8eb42d56 -> 
  custom:audio-encoder-webm-vorbis: bf7c407c2cedff20999df2af8eb42d56 -> 
AssetImportWorkerClient::OnTransportError - code=2 error=End of file
